<?xml version="1.0" encoding="utf-8"?><testsuites name="pytest tests"><testsuite name="pytest" errors="0" failures="1" skipped="0" tests="17" time="16.776" timestamp="2026-08-11T06:22:45.207785+00:00" hostname="agent-env-92d5cfdd-f47c-45db-afdd-291aefb59d9e"><testcase classname="tests.backend_test.TestReviews" name="test_seeded_approved_reviews_are_public" time="0.488" /><testcase classname="tests.backend_test.TestAuthAndSecurity" name="test_login_sets_secure_httponly_cookies_and_me_works" time="0.589" /><testcase classname="tests.backend_test.TestReviews" name="test_review_rejects_blank_name_or_text[payload0]" time="0.185" /><testcase classname="tests.backend_test.TestAuthAndSecurity" name="test_protected_endpoints_reject_anonymous" time="0.439" /><testcase classname="tests.backend_test.TestReviews" name="test_review_rejects_blank_name_or_text[payload1]" time="0.081" /><testcase classname="tests.backend_test.TestReviews" name="test_review_rating_is_clamped[99-5]" time="0.446" /><testcase classname="tests.backend_test.TestAuthAndSecurity" name="test_bcrypt_hash_and_indexes" time="0.006" /><testcase classname="tests.backend_test.TestAuthAndSecurity" name="test_brute_force_lockout_after_five_failures_is_email_scoped" time="0.765" /><testcase classname="tests.backend_test.TestReviews" name="test_review_rating_is_clamped[-4-1]" time="0.230" /><testcase classname="tests.backend_test.TestReviews" name="test_review_create_approve_hide_delete_lifecycle" time="1.008" /><testcase classname="tests.backend_test.TestProductsAndSettings" name="test_all_seeded_products_have_colours" time="0.066" /><testcase classname="tests.backend_test.TestProductsAndSettings" name="test_admin_update_product_colors_and_sold_out_then_restore" time="0.558" /><testcase classname="tests.backend_test.TestReviews" name="test_public_review_upload_rejects_non_image_oversize_and_spoofed_mime" time="0.715"><failure message="AssertionError: {&quot;path&quot;:&quot;mahadevi-furnitures/reviews/47b1ee45-b248-4788-b2f6-f4c754fd2ad0.png&quot;,&quot;url&quot;:&quot;/api/files/mahadevi-furnitures/reviews/47b1ee45-b248-4788-b2f6-f4c754fd2ad0.png&quot;}&#10;assert 201 == 400&#10; +  where 201 = &lt;Response [201]&gt;.status_code">backend/tests/backend_test.py:201: in test_public_review_upload_rejects_non_image_oversize_and_spoofed_mime
    assert spoofed.status_code == 400, spoofed.text
E   AssertionError: {"path":"mahadevi-furnitures/reviews/47b1ee45-b248-4788-b2f6-f4c754fd2ad0.png","url":"/api/files/mahadevi-furnitures/reviews/47b1ee45-b248-4788-b2f6-f4c754fd2ad0.png"}
E   assert 201 == 400
E    +  where 201 = &lt;Response [201]&gt;.status_code</failure></testcase><testcase classname="tests.backend_test.TestProductsAndSettings" name="test_admin_create_and_delete_product_crud" time="0.289" /><testcase classname="tests.backend_test.TestProductsAndSettings" name="test_settings_update_persists_then_restores" time="12.467" /><testcase classname="tests.backend_test.TestReviews" name="test_public_review_upload_accepts_image" time="12.371" /><testcase classname="tests.backend_test.TestOrders" name="test_create_color_order_status_and_whatsapp" time="0.249" /></testsuite></testsuites>