<?xml version="1.0" encoding="utf-8"?><testsuites name="pytest tests"><testsuite name="pytest" errors="0" failures="2" skipped="0" tests="18" time="4.598" timestamp="2026-08-11T06:13:54.322619+00:00" hostname="agent-env-92d5cfdd-f47c-45db-afdd-291aefb59d9e"><testcase classname="tests.backend_test.TestReviews" name="test_seeded_approved_reviews_are_public" time="0.358" /><testcase classname="tests.backend_test.TestAuthAndSecurity" name="test_login_sets_secure_httponly_cookies_and_me_works" time="0.428" /><testcase classname="tests.backend_test.TestReviews" name="test_review_rejects_blank_name_or_text[payload0]" time="0.076" /><testcase classname="tests.backend_test.TestAuthAndSecurity" name="test_protected_endpoints_reject_anonymous" time="0.495" /><testcase classname="tests.backend_test.TestReviews" name="test_review_rejects_blank_name_or_text[payload1]" time="0.078" /><testcase classname="tests.backend_test.TestReviews" name="test_review_rating_is_clamped[99-5]" time="0.511" /><testcase classname="tests.backend_test.TestAuthAndSecurity" name="test_cors_preflight_allows_configured_origin_with_credentials" time="0.047"><failure message="AssertionError: assert '*' == 'https://maha...gentagent.com'&#10;  &#10;  - https://mahadevi-orders.preview.emergentagent.com&#10;  + *">backend/tests/backend_test.py:85: in test_cors_preflight_allows_configured_origin_with_credentials
    assert response.headers["access-control-allow-origin"] == origin
E   AssertionError: assert '*' == 'https://maha...gentagent.com'
E     
E     - https://mahadevi-orders.preview.emergentagent.com
E     + *</failure></testcase><testcase classname="tests.backend_test.TestAuthAndSecurity" name="test_bcrypt_hash_and_indexes" time="0.006" /><testcase classname="tests.backend_test.TestAuthAndSecurity" name="test_brute_force_lockout_after_five_failures" time="0.343"><failure message="assert 401 == 429">backend/tests/backend_test.py:108: in test_brute_force_lockout_after_five_failures
    assert statuses[5] == 429
E   assert 401 == 429</failure></testcase><testcase classname="tests.backend_test.TestReviews" name="test_review_rating_is_clamped[-4-1]" time="0.126" /><testcase classname="tests.backend_test.TestReviews" name="test_review_create_approve_hide_delete_lifecycle" time="0.800" /><testcase classname="tests.backend_test.TestProductsAndSettings" name="test_all_seeded_products_have_colours" time="0.081" /><testcase classname="tests.backend_test.TestProductsAndSettings" name="test_admin_update_product_colors_and_sold_out_then_restore" time="0.570" /><testcase classname="tests.backend_test.TestReviews" name="test_public_review_upload_rejects_non_image_and_oversize" time="0.417" /><testcase classname="tests.backend_test.TestProductsAndSettings" name="test_admin_create_and_delete_product_crud" time="0.286" /><testcase classname="tests.backend_test.TestProductsAndSettings" name="test_existing_settings_read" time="0.149" /><testcase classname="tests.backend_test.TestReviews" name="test_public_review_upload_accepts_image" time="0.823" /><testcase classname="tests.backend_test.TestOrders" name="test_create_color_order_status_and_whatsapp" time="0.229" /></testsuite></testsuites>